2015-12-03 14:54:53 Error: [Cake\Routing\Exception\MissingControllerException] Controller class View could not be found.
Exception Attributes: array (
  'class' => 'View',
  'plugin' => NULL,
  'prefix' => NULL,
  '_ext' => NULL,
)
Request URL: /Qwinto/qwinto/view/1
Stack Trace:
#0 C:\wamp\www\Qwinto\qwinto\webroot\index.php(37): Cake\Routing\Dispatcher->dispatch(Object(Cake\Network\Request), Object(Cake\Network\Response))
#1 {main}


2015-12-03 14:56:34 Error: [Cake\Routing\Exception\MissingControllerException] Controller class View could not be found.
Exception Attributes: array (
  'class' => 'View',
  'plugin' => NULL,
  'prefix' => NULL,
  '_ext' => NULL,
)
Request URL: /Qwinto/qwinto/view/1
Stack Trace:
#0 C:\wamp\www\Qwinto\qwinto\webroot\index.php(37): Cake\Routing\Dispatcher->dispatch(Object(Cake\Network\Request), Object(Cake\Network\Response))
#1 {main}


2015-12-03 14:56:55 Error: [Cake\Routing\Exception\MissingControllerException] Controller class View could not be found.
Exception Attributes: array (
  'class' => 'View',
  'plugin' => NULL,
  'prefix' => NULL,
  '_ext' => NULL,
)
Request URL: /Qwinto/qwinto/view
Stack Trace:
#0 C:\wamp\www\Qwinto\qwinto\webroot\index.php(37): Cake\Routing\Dispatcher->dispatch(Object(Cake\Network\Request), Object(Cake\Network\Response))
#1 {main}


2015-12-03 14:57:35 Error: [Cake\Routing\Exception\MissingControllerException] Controller class Js could not be found.
Exception Attributes: array (
  'class' => 'Js',
  'plugin' => NULL,
  'prefix' => NULL,
  '_ext' => NULL,
)
Request URL: /Qwinto/qwinto/js/empty.js
Stack Trace:
#0 C:\wamp\www\Qwinto\qwinto\webroot\index.php(37): Cake\Routing\Dispatcher->dispatch(Object(Cake\Network\Request), Object(Cake\Network\Response))
#1 {main}


2015-12-03 14:58:56 Error: [Cake\Routing\Exception\MissingControllerException] Controller class Js could not be found.
Exception Attributes: array (
  'class' => 'Js',
  'plugin' => NULL,
  'prefix' => NULL,
  '_ext' => NULL,
)
Request URL: /Qwinto/qwinto/js/empty.js
Stack Trace:
#0 C:\wamp\www\Qwinto\qwinto\webroot\index.php(37): Cake\Routing\Dispatcher->dispatch(Object(Cake\Network\Request), Object(Cake\Network\Response))
#1 {main}


2015-12-03 14:59:10 Error: [Cake\Routing\Exception\MissingControllerException] Controller class Js could not be found.
Exception Attributes: array (
  'class' => 'Js',
  'plugin' => NULL,
  'prefix' => NULL,
  '_ext' => NULL,
)
Request URL: /Qwinto/qwinto/js/empty.js
Stack Trace:
#0 C:\wamp\www\Qwinto\qwinto\webroot\index.php(37): Cake\Routing\Dispatcher->dispatch(Object(Cake\Network\Request), Object(Cake\Network\Response))
#1 {main}


2015-12-03 14:59:26 Error: [Cake\Routing\Exception\MissingControllerException] Controller class View could not be found.
Exception Attributes: array (
  'class' => 'View',
  'plugin' => NULL,
  'prefix' => NULL,
  '_ext' => NULL,
)
Request URL: /Qwinto/qwinto/view/1
Stack Trace:
#0 C:\wamp\www\Qwinto\qwinto\webroot\index.php(37): Cake\Routing\Dispatcher->dispatch(Object(Cake\Network\Request), Object(Cake\Network\Response))
#1 {main}


2015-12-03 14:59:49 Error: [Cake\Routing\Exception\MissingControllerException] Controller class Js could not be found.
Exception Attributes: array (
  'class' => 'Js',
  'plugin' => NULL,
  'prefix' => NULL,
  '_ext' => NULL,
)
Request URL: /Qwinto/qwinto/js/empty.js
Stack Trace:
#0 C:\wamp\www\Qwinto\qwinto\webroot\index.php(37): Cake\Routing\Dispatcher->dispatch(Object(Cake\Network\Request), Object(Cake\Network\Response))
#1 {main}


2015-12-03 15:00:02 Error: [Cake\Routing\Exception\MissingControllerException] Controller class Js could not be found.
Exception Attributes: array (
  'class' => 'Js',
  'plugin' => NULL,
  'prefix' => NULL,
  '_ext' => NULL,
)
Request URL: /Qwinto/qwinto/js/empty.js
Stack Trace:
#0 C:\wamp\www\Qwinto\qwinto\webroot\index.php(37): Cake\Routing\Dispatcher->dispatch(Object(Cake\Network\Request), Object(Cake\Network\Response))
#1 {main}


2015-12-03 15:03:34 Error: [Cake\Datasource\Exception\RecordNotFoundException] Record not found in table "feuilles"
Request URL: /Qwinto/qwinto/feuilles/view/feuilles/change
Stack Trace:
#0 C:\wamp\www\Qwinto\qwinto\vendor\cakephp\cakephp\src\ORM\Table.php(1187): Cake\ORM\Query->firstOrFail()
#1 C:\wamp\www\Qwinto\qwinto\src\Controller\FeuillesController.php(42): Cake\ORM\Table->get('feuilles', Array)
#2 [internal function]: App\Controller\FeuillesController->view('feuilles', 'change')
#3 C:\wamp\www\Qwinto\qwinto\vendor\cakephp\cakephp\src\Controller\Controller.php(429): call_user_func_array(Array, Array)
#4 C:\wamp\www\Qwinto\qwinto\vendor\cakephp\cakephp\src\Routing\Dispatcher.php(114): Cake\Controller\Controller->invokeAction()
#5 C:\wamp\www\Qwinto\qwinto\vendor\cakephp\cakephp\src\Routing\Dispatcher.php(87): Cake\Routing\Dispatcher->_invoke(Object(App\Controller\FeuillesController))
#6 C:\wamp\www\Qwinto\qwinto\webroot\index.php(37): Cake\Routing\Dispatcher->dispatch(Object(Cake\Network\Request), Object(Cake\Network\Response))
#7 {main}


2015-12-03 15:05:56 Error: [Cake\Controller\Exception\MissingActionException] Action FeuillesController::feuilles() could not be found, or is not accessible.
Exception Attributes: array (
  'controller' => 'FeuillesController',
  'action' => 'feuilles',
  'prefix' => '',
  'plugin' => NULL,
)
Request URL: /Qwinto/qwinto/feuilles/feuilles/change
Stack Trace:
#0 C:\wamp\www\Qwinto\qwinto\vendor\cakephp\cakephp\src\Routing\Dispatcher.php(114): Cake\Controller\Controller->invokeAction()
#1 C:\wamp\www\Qwinto\qwinto\vendor\cakephp\cakephp\src\Routing\Dispatcher.php(87): Cake\Routing\Dispatcher->_invoke(Object(App\Controller\FeuillesController))
#2 C:\wamp\www\Qwinto\qwinto\webroot\index.php(37): Cake\Routing\Dispatcher->dispatch(Object(Cake\Network\Request), Object(Cake\Network\Response))
#3 {main}


2015-12-03 15:12:57 Error: [Cake\Controller\Exception\MissingActionException] Action FeuillesController::feuilles() could not be found, or is not accessible.
Exception Attributes: array (
  'controller' => 'FeuillesController',
  'action' => 'feuilles',
  'prefix' => '',
  'plugin' => NULL,
)
Request URL: /Qwinto/qwinto/feuilles/feuilles/change
Stack Trace:
#0 C:\wamp\www\Qwinto\qwinto\vendor\cakephp\cakephp\src\Routing\Dispatcher.php(114): Cake\Controller\Controller->invokeAction()
#1 C:\wamp\www\Qwinto\qwinto\vendor\cakephp\cakephp\src\Routing\Dispatcher.php(87): Cake\Routing\Dispatcher->_invoke(Object(App\Controller\FeuillesController))
#2 C:\wamp\www\Qwinto\qwinto\webroot\index.php(37): Cake\Routing\Dispatcher->dispatch(Object(Cake\Network\Request), Object(Cake\Network\Response))
#3 {main}


2015-12-03 15:13:22 Error: [Cake\View\Exception\MissingTemplateException] Template file "Feuilles\change.ctp" is missing.
Exception Attributes: array (
  'file' => 'Feuilles\\change.ctp',
)
Request URL: /Qwinto/qwinto/feuilles/change
Stack Trace:
#0 C:\wamp\www\Qwinto\qwinto\vendor\cakephp\cakephp\src\View\View.php(576): Cake\View\View->_getViewFileName(NULL)
#1 C:\wamp\www\Qwinto\qwinto\vendor\cakephp\cakephp\src\Controller\Controller.php(611): Cake\View\View->render(NULL, NULL)
#2 C:\wamp\www\Qwinto\qwinto\vendor\cakephp\cakephp\src\Routing\Dispatcher.php(120): Cake\Controller\Controller->render()
#3 C:\wamp\www\Qwinto\qwinto\vendor\cakephp\cakephp\src\Routing\Dispatcher.php(87): Cake\Routing\Dispatcher->_invoke(Object(App\Controller\FeuillesController))
#4 C:\wamp\www\Qwinto\qwinto\webroot\index.php(37): Cake\Routing\Dispatcher->dispatch(Object(Cake\Network\Request), Object(Cake\Network\Response))
#5 {main}


2015-12-03 15:18:13 Error: [Cake\View\Exception\MissingTemplateException] Template file "Feuilles\change.ctp" is missing.
Exception Attributes: array (
  'file' => 'Feuilles\\change.ctp',
)
Request URL: /Qwinto/qwinto/feuilles/change
Stack Trace:
#0 C:\wamp\www\Qwinto\qwinto\vendor\cakephp\cakephp\src\View\View.php(576): Cake\View\View->_getViewFileName(NULL)
#1 C:\wamp\www\Qwinto\qwinto\vendor\cakephp\cakephp\src\Controller\Controller.php(611): Cake\View\View->render(NULL, NULL)
#2 C:\wamp\www\Qwinto\qwinto\vendor\cakephp\cakephp\src\Routing\Dispatcher.php(120): Cake\Controller\Controller->render()
#3 C:\wamp\www\Qwinto\qwinto\vendor\cakephp\cakephp\src\Routing\Dispatcher.php(87): Cake\Routing\Dispatcher->_invoke(Object(App\Controller\FeuillesController))
#4 C:\wamp\www\Qwinto\qwinto\webroot\index.php(37): Cake\Routing\Dispatcher->dispatch(Object(Cake\Network\Request), Object(Cake\Network\Response))
#5 {main}


2015-12-03 15:21:27 Error: [Cake\View\Exception\MissingTemplateException] Template file "Feuilles\change.ctp" is missing.
Exception Attributes: array (
  'file' => 'Feuilles\\change.ctp',
)
Request URL: /Qwinto/qwinto/change
Stack Trace:
#0 C:\wamp\www\Qwinto\qwinto\vendor\cakephp\cakephp\src\View\View.php(576): Cake\View\View->_getViewFileName(NULL)
#1 C:\wamp\www\Qwinto\qwinto\vendor\cakephp\cakephp\src\Controller\Controller.php(611): Cake\View\View->render(NULL, NULL)
#2 C:\wamp\www\Qwinto\qwinto\vendor\cakephp\cakephp\src\Routing\Dispatcher.php(120): Cake\Controller\Controller->render()
#3 C:\wamp\www\Qwinto\qwinto\vendor\cakephp\cakephp\src\Routing\Dispatcher.php(87): Cake\Routing\Dispatcher->_invoke(Object(App\Controller\FeuillesController))
#4 C:\wamp\www\Qwinto\qwinto\webroot\index.php(37): Cake\Routing\Dispatcher->dispatch(Object(Cake\Network\Request), Object(Cake\Network\Response))
#5 {main}


2015-12-03 16:23:13 Error: [Cake\View\Exception\MissingTemplateException] Template file "Feuilles\change.ctp" is missing.
Exception Attributes: array (
  'file' => 'Feuilles\\change.ctp',
)
Request URL: /Qwinto/qwinto/change
Stack Trace:
#0 C:\wamp\www\Qwinto\qwinto\vendor\cakephp\cakephp\src\View\View.php(576): Cake\View\View->_getViewFileName(NULL)
#1 C:\wamp\www\Qwinto\qwinto\vendor\cakephp\cakephp\src\Controller\Controller.php(611): Cake\View\View->render(NULL, NULL)
#2 C:\wamp\www\Qwinto\qwinto\vendor\cakephp\cakephp\src\Routing\Dispatcher.php(120): Cake\Controller\Controller->render()
#3 C:\wamp\www\Qwinto\qwinto\vendor\cakephp\cakephp\src\Routing\Dispatcher.php(87): Cake\Routing\Dispatcher->_invoke(Object(App\Controller\FeuillesController))
#4 C:\wamp\www\Qwinto\qwinto\webroot\index.php(37): Cake\Routing\Dispatcher->dispatch(Object(Cake\Network\Request), Object(Cake\Network\Response))
#5 {main}


2015-12-03 16:23:59 Error: [Cake\View\Exception\MissingTemplateException] Template file "Feuilles\change.ctp" is missing.
Exception Attributes: array (
  'file' => 'Feuilles\\change.ctp',
)
Request URL: /Qwinto/qwinto/change
Stack Trace:
#0 C:\wamp\www\Qwinto\qwinto\vendor\cakephp\cakephp\src\View\View.php(576): Cake\View\View->_getViewFileName(NULL)
#1 C:\wamp\www\Qwinto\qwinto\vendor\cakephp\cakephp\src\Controller\Controller.php(611): Cake\View\View->render(NULL, NULL)
#2 C:\wamp\www\Qwinto\qwinto\vendor\cakephp\cakephp\src\Routing\Dispatcher.php(120): Cake\Controller\Controller->render()
#3 C:\wamp\www\Qwinto\qwinto\vendor\cakephp\cakephp\src\Routing\Dispatcher.php(87): Cake\Routing\Dispatcher->_invoke(Object(App\Controller\FeuillesController))
#4 C:\wamp\www\Qwinto\qwinto\webroot\index.php(37): Cake\Routing\Dispatcher->dispatch(Object(Cake\Network\Request), Object(Cake\Network\Response))
#5 {main}


2015-12-03 16:29:15 Error: [Cake\View\Exception\MissingTemplateException] Template file "Feuilles\change.ctp" is missing.
Exception Attributes: array (
  'file' => 'Feuilles\\change.ctp',
)
Request URL: /Qwinto/qwinto/feuilles/change
Stack Trace:
#0 C:\wamp\www\Qwinto\qwinto\vendor\cakephp\cakephp\src\View\View.php(576): Cake\View\View->_getViewFileName(NULL)
#1 C:\wamp\www\Qwinto\qwinto\vendor\cakephp\cakephp\src\Controller\Controller.php(611): Cake\View\View->render(NULL, NULL)
#2 C:\wamp\www\Qwinto\qwinto\vendor\cakephp\cakephp\src\Routing\Dispatcher.php(120): Cake\Controller\Controller->render()
#3 C:\wamp\www\Qwinto\qwinto\vendor\cakephp\cakephp\src\Routing\Dispatcher.php(87): Cake\Routing\Dispatcher->_invoke(Object(App\Controller\FeuillesController))
#4 C:\wamp\www\Qwinto\qwinto\webroot\index.php(37): Cake\Routing\Dispatcher->dispatch(Object(Cake\Network\Request), Object(Cake\Network\Response))
#5 {main}


2015-12-03 16:29:43 Error: [Cake\View\Exception\MissingTemplateException] Template file "Feuilles\change.ctp" is missing.
Exception Attributes: array (
  'file' => 'Feuilles\\change.ctp',
)
Request URL: /Qwinto/qwinto/change
Stack Trace:
#0 C:\wamp\www\Qwinto\qwinto\vendor\cakephp\cakephp\src\View\View.php(576): Cake\View\View->_getViewFileName(NULL)
#1 C:\wamp\www\Qwinto\qwinto\vendor\cakephp\cakephp\src\Controller\Controller.php(611): Cake\View\View->render(NULL, NULL)
#2 C:\wamp\www\Qwinto\qwinto\vendor\cakephp\cakephp\src\Routing\Dispatcher.php(120): Cake\Controller\Controller->render()
#3 C:\wamp\www\Qwinto\qwinto\vendor\cakephp\cakephp\src\Routing\Dispatcher.php(87): Cake\Routing\Dispatcher->_invoke(Object(App\Controller\FeuillesController))
#4 C:\wamp\www\Qwinto\qwinto\webroot\index.php(37): Cake\Routing\Dispatcher->dispatch(Object(Cake\Network\Request), Object(Cake\Network\Response))
#5 {main}


2015-12-03 16:30:24 Error: [Cake\Routing\Exception\MissingControllerException] Controller class Feuille could not be found.
Exception Attributes: array (
  'class' => 'Feuille',
  'plugin' => NULL,
  'prefix' => NULL,
  '_ext' => NULL,
)
Request URL: /Qwinto/qwinto/feuille/change
Stack Trace:
#0 C:\wamp\www\Qwinto\qwinto\webroot\index.php(37): Cake\Routing\Dispatcher->dispatch(Object(Cake\Network\Request), Object(Cake\Network\Response))
#1 {main}


2015-12-03 16:30:39 Error: [Cake\View\Exception\MissingTemplateException] Template file "Feuilles\change.ctp" is missing.
Exception Attributes: array (
  'file' => 'Feuilles\\change.ctp',
)
Request URL: /Qwinto/qwinto/feuilles/change
Stack Trace:
#0 C:\wamp\www\Qwinto\qwinto\vendor\cakephp\cakephp\src\View\View.php(576): Cake\View\View->_getViewFileName(NULL)
#1 C:\wamp\www\Qwinto\qwinto\vendor\cakephp\cakephp\src\Controller\Controller.php(611): Cake\View\View->render(NULL, NULL)
#2 C:\wamp\www\Qwinto\qwinto\vendor\cakephp\cakephp\src\Routing\Dispatcher.php(120): Cake\Controller\Controller->render()
#3 C:\wamp\www\Qwinto\qwinto\vendor\cakephp\cakephp\src\Routing\Dispatcher.php(87): Cake\Routing\Dispatcher->_invoke(Object(App\Controller\FeuillesController))
#4 C:\wamp\www\Qwinto\qwinto\webroot\index.php(37): Cake\Routing\Dispatcher->dispatch(Object(Cake\Network\Request), Object(Cake\Network\Response))
#5 {main}


2015-12-04 09:11:31 Error: [Cake\View\Exception\MissingTemplateException] Template file "Feuilles\change.ctp" is missing.
Exception Attributes: array (
  'file' => 'Feuilles\\change.ctp',
)
Request URL: /Qwinto/qwinto/feuilles/change
Stack Trace:
#0 C:\wamp\www\Qwinto\qwinto\vendor\cakephp\cakephp\src\View\View.php(576): Cake\View\View->_getViewFileName(NULL)
#1 C:\wamp\www\Qwinto\qwinto\vendor\cakephp\cakephp\src\Controller\Controller.php(611): Cake\View\View->render(NULL, NULL)
#2 C:\wamp\www\Qwinto\qwinto\vendor\cakephp\cakephp\src\Routing\Dispatcher.php(120): Cake\Controller\Controller->render()
#3 C:\wamp\www\Qwinto\qwinto\vendor\cakephp\cakephp\src\Routing\Dispatcher.php(87): Cake\Routing\Dispatcher->_invoke(Object(App\Controller\FeuillesController))
#4 C:\wamp\www\Qwinto\qwinto\webroot\index.php(37): Cake\Routing\Dispatcher->dispatch(Object(Cake\Network\Request), Object(Cake\Network\Response))
#5 {main}


2015-12-04 09:13:00 Error: [Cake\View\Exception\MissingTemplateException] Template file "Feuilles\change.ctp" is missing.
Exception Attributes: array (
  'file' => 'Feuilles\\change.ctp',
)
Request URL: /Qwinto/qwinto/feuilles/change
Stack Trace:
#0 C:\wamp\www\Qwinto\qwinto\vendor\cakephp\cakephp\src\View\View.php(576): Cake\View\View->_getViewFileName(NULL)
#1 C:\wamp\www\Qwinto\qwinto\vendor\cakephp\cakephp\src\Controller\Controller.php(611): Cake\View\View->render(NULL, NULL)
#2 C:\wamp\www\Qwinto\qwinto\vendor\cakephp\cakephp\src\Routing\Dispatcher.php(120): Cake\Controller\Controller->render()
#3 C:\wamp\www\Qwinto\qwinto\vendor\cakephp\cakephp\src\Routing\Dispatcher.php(87): Cake\Routing\Dispatcher->_invoke(Object(App\Controller\FeuillesController))
#4 C:\wamp\www\Qwinto\qwinto\webroot\index.php(37): Cake\Routing\Dispatcher->dispatch(Object(Cake\Network\Request), Object(Cake\Network\Response))
#5 {main}


2015-12-04 09:18:53 Error: [Cake\View\Exception\MissingTemplateException] Template file "Feuilles\change.ctp" is missing.
Exception Attributes: array (
  'file' => 'Feuilles\\change.ctp',
)
Request URL: /Qwinto/qwinto/feuilles/change
Stack Trace:
#0 C:\wamp\www\Qwinto\qwinto\vendor\cakephp\cakephp\src\View\View.php(576): Cake\View\View->_getViewFileName(NULL)
#1 C:\wamp\www\Qwinto\qwinto\vendor\cakephp\cakephp\src\Controller\Controller.php(611): Cake\View\View->render(NULL, NULL)
#2 C:\wamp\www\Qwinto\qwinto\vendor\cakephp\cakephp\src\Routing\Dispatcher.php(120): Cake\Controller\Controller->render()
#3 C:\wamp\www\Qwinto\qwinto\vendor\cakephp\cakephp\src\Routing\Dispatcher.php(87): Cake\Routing\Dispatcher->_invoke(Object(App\Controller\FeuillesController))
#4 C:\wamp\www\Qwinto\qwinto\webroot\index.php(37): Cake\Routing\Dispatcher->dispatch(Object(Cake\Network\Request), Object(Cake\Network\Response))
#5 {main}


2015-12-04 09:33:04 Error: Fatal Error (4): syntax error, unexpected '?' in [C:\wamp\www\Qwinto\qwinto\src\Template\Feuilles\index.ctp, line 32]
Trace:
Cake\Error\BaseErrorHandler::handleFatalError() - CORE\src\Error\BaseErrorHandler.php, line 209
Cake\Error\BaseErrorHandler::Cake\Error\{closure}() - CORE\src\Error\BaseErrorHandler.php, line 92
[main] - [internal], line ??



2015-12-04 09:33:06 Error: [Cake\Error\FatalErrorException] syntax error, unexpected '?'
Request URL: /Qwinto/qwinto/feuilles
Stack Trace:
#0 C:\wamp\www\Qwinto\qwinto\vendor\cakephp\cakephp\src\Error\BaseErrorHandler.php(92): Cake\Error\BaseErrorHandler->handleFatalError(4, 'syntax error, u...', 'C:\\wamp\\www\\Qwi...', 32)
#1 [internal function]: Cake\Error\BaseErrorHandler->Cake\Error\{closure}()
#2 {main}


2015-12-04 09:33:34 Error: [Cake\View\Exception\MissingTemplateException] Template file "Feuilles\change.ctp" is missing.
Exception Attributes: array (
  'file' => 'Feuilles\\change.ctp',
)
Request URL: /Qwinto/qwinto/feuilles/change
Stack Trace:
#0 C:\wamp\www\Qwinto\qwinto\vendor\cakephp\cakephp\src\View\View.php(576): Cake\View\View->_getViewFileName(NULL)
#1 C:\wamp\www\Qwinto\qwinto\vendor\cakephp\cakephp\src\Controller\Controller.php(611): Cake\View\View->render(NULL, NULL)
#2 C:\wamp\www\Qwinto\qwinto\vendor\cakephp\cakephp\src\Routing\Dispatcher.php(120): Cake\Controller\Controller->render()
#3 C:\wamp\www\Qwinto\qwinto\vendor\cakephp\cakephp\src\Routing\Dispatcher.php(87): Cake\Routing\Dispatcher->_invoke(Object(App\Controller\FeuillesController))
#4 C:\wamp\www\Qwinto\qwinto\webroot\index.php(37): Cake\Routing\Dispatcher->dispatch(Object(Cake\Network\Request), Object(Cake\Network\Response))
#5 {main}


2015-12-04 09:33:36 Error: [Cake\View\Exception\MissingTemplateException] Template file "Feuilles\change.ctp" is missing.
Exception Attributes: array (
  'file' => 'Feuilles\\change.ctp',
)
Request URL: /Qwinto/qwinto/feuilles/change/1
Stack Trace:
#0 C:\wamp\www\Qwinto\qwinto\vendor\cakephp\cakephp\src\View\View.php(576): Cake\View\View->_getViewFileName(NULL)
#1 C:\wamp\www\Qwinto\qwinto\vendor\cakephp\cakephp\src\Controller\Controller.php(611): Cake\View\View->render(NULL, NULL)
#2 C:\wamp\www\Qwinto\qwinto\vendor\cakephp\cakephp\src\Routing\Dispatcher.php(120): Cake\Controller\Controller->render()
#3 C:\wamp\www\Qwinto\qwinto\vendor\cakephp\cakephp\src\Routing\Dispatcher.php(87): Cake\Routing\Dispatcher->_invoke(Object(App\Controller\FeuillesController))
#4 C:\wamp\www\Qwinto\qwinto\webroot\index.php(37): Cake\Routing\Dispatcher->dispatch(Object(Cake\Network\Request), Object(Cake\Network\Response))
#5 {main}


2015-12-04 09:39:20 Error: [Cake\Controller\Exception\MissingActionException] Action FeuillesController::feuilles() could not be found, or is not accessible.
Exception Attributes: array (
  'controller' => 'FeuillesController',
  'action' => 'feuilles',
  'prefix' => '',
  'plugin' => NULL,
)
Request URL: /Qwinto/qwinto/feuilles/feuilles/change
Stack Trace:
#0 C:\wamp\www\Qwinto\qwinto\vendor\cakephp\cakephp\src\Routing\Dispatcher.php(114): Cake\Controller\Controller->invokeAction()
#1 C:\wamp\www\Qwinto\qwinto\vendor\cakephp\cakephp\src\Routing\Dispatcher.php(87): Cake\Routing\Dispatcher->_invoke(Object(App\Controller\FeuillesController))
#2 C:\wamp\www\Qwinto\qwinto\webroot\index.php(37): Cake\Routing\Dispatcher->dispatch(Object(Cake\Network\Request), Object(Cake\Network\Response))
#3 {main}


2015-12-04 10:06:56 Error: [Cake\View\Exception\MissingHelperException] Helper class changeHelper could not be found.
Exception Attributes: array (
  'class' => 'changeHelper',
  'plugin' => NULL,
)
Request URL: /Qwinto/qwinto/feuilles/change/1
Stack Trace:
#0 C:\wamp\www\Qwinto\qwinto\vendor\cakephp\cakephp\src\Core\ObjectRegistry.php(91): Cake\View\HelperRegistry->_throwMissingClassError('change', NULL)
#1 C:\wamp\www\Qwinto\qwinto\vendor\cakephp\cakephp\src\View\HelperRegistry.php(66): Cake\Core\ObjectRegistry->load('change')
#2 C:\wamp\www\Qwinto\qwinto\vendor\cakephp\cakephp\src\View\View.php(867): Cake\View\HelperRegistry->__isset('change')
#3 C:\wamp\www\Qwinto\qwinto\src\Template\Feuilles\change.ctp(2): Cake\View\View->__get('change')
#4 C:\wamp\www\Qwinto\qwinto\vendor\cakephp\cakephp\src\View\View.php(971): include('C:\\wamp\\www\\Qwi...')
#5 C:\wamp\www\Qwinto\qwinto\vendor\cakephp\cakephp\src\View\View.php(931): Cake\View\View->_evaluate('C:\\wamp\\www\\Qwi...', Array)
#6 C:\wamp\www\Qwinto\qwinto\vendor\cakephp\cakephp\src\View\View.php(579): Cake\View\View->_render('C:\\wamp\\www\\Qwi...')
#7 C:\wamp\www\Qwinto\qwinto\vendor\cakephp\cakephp\src\Controller\Controller.php(611): Cake\View\View->render(NULL, NULL)
#8 C:\wamp\www\Qwinto\qwinto\vendor\cakephp\cakephp\src\Routing\Dispatcher.php(120): Cake\Controller\Controller->render()
#9 C:\wamp\www\Qwinto\qwinto\vendor\cakephp\cakephp\src\Routing\Dispatcher.php(87): Cake\Routing\Dispatcher->_invoke(Object(App\Controller\FeuillesController))
#10 C:\wamp\www\Qwinto\qwinto\webroot\index.php(37): Cake\Routing\Dispatcher->dispatch(Object(Cake\Network\Request), Object(Cake\Network\Response))
#11 {main}


2015-12-04 10:07:11 Error: [Cake\View\Exception\MissingHelperException] Helper class Helper could not be found.
Exception Attributes: array (
  'class' => 'Helper',
  'plugin' => NULL,
)
Request URL: /Qwinto/qwinto/feuilles/change/1
Stack Trace:
#0 C:\wamp\www\Qwinto\qwinto\vendor\cakephp\cakephp\src\Core\ObjectRegistry.php(91): Cake\View\HelperRegistry->_throwMissingClassError('', NULL)
#1 C:\wamp\www\Qwinto\qwinto\vendor\cakephp\cakephp\src\View\HelperRegistry.php(66): Cake\Core\ObjectRegistry->load('')
#2 C:\wamp\www\Qwinto\qwinto\vendor\cakephp\cakephp\src\View\View.php(867): Cake\View\HelperRegistry->__isset('')
#3 C:\wamp\www\Qwinto\qwinto\src\Template\Feuilles\change.ctp(2): Cake\View\View->__get('')
#4 C:\wamp\www\Qwinto\qwinto\vendor\cakephp\cakephp\src\View\View.php(971): include('C:\\wamp\\www\\Qwi...')
#5 C:\wamp\www\Qwinto\qwinto\vendor\cakephp\cakephp\src\View\View.php(931): Cake\View\View->_evaluate('C:\\wamp\\www\\Qwi...', Array)
#6 C:\wamp\www\Qwinto\qwinto\vendor\cakephp\cakephp\src\View\View.php(579): Cake\View\View->_render('C:\\wamp\\www\\Qwi...')
#7 C:\wamp\www\Qwinto\qwinto\vendor\cakephp\cakephp\src\Controller\Controller.php(611): Cake\View\View->render(NULL, NULL)
#8 C:\wamp\www\Qwinto\qwinto\vendor\cakephp\cakephp\src\Routing\Dispatcher.php(120): Cake\Controller\Controller->render()
#9 C:\wamp\www\Qwinto\qwinto\vendor\cakephp\cakephp\src\Routing\Dispatcher.php(87): Cake\Routing\Dispatcher->_invoke(Object(App\Controller\FeuillesController))
#10 C:\wamp\www\Qwinto\qwinto\webroot\index.php(37): Cake\Routing\Dispatcher->dispatch(Object(Cake\Network\Request), Object(Cake\Network\Response))
#11 {main}


